        -:    0:Source:cardtest4.c
        -:    0:Graph:cardtest4.gcno
        -:    0:Data:cardtest4.gcda
        -:    0:Runs:1
        -:    0:Programs:1
        -:    1:#include "dominion.h"
        -:    2:#include "dominion_helpers.h"
        -:    3:#include <string.h>
        -:    4:#include <stdio.h>
        -:    5:#include <assert.h>
        -:    6:#include "rngs.h"
        -:    7:#include <stdlib.h>
        -:    8:
        -:    9:
        1:   10:int main(){
        1:   11:   int seed = 3000;
        1:   12:   int numPlayers = 2;
        -:   13:
        1:   14:     int k[10] = {adventurer, council_room, feast, gardens, mine, remodel, smithy, village, baron, great_hall};
        -:   15:
        -:   16:   struct gameState G, G1;
        1:   17:   memset(&G, 23, sizeof(struct gameState));
        1:   18:    memset(&G1, 23, sizeof(struct gameState));
        -:   19:
        1:   20:   initializeGame(numPlayers, k, seed, &G);
        1:   21:   memcpy(&G1, &G, sizeof(struct gameState));
        -:   22:
        1:   23:   printf("  **  cardtest makeGreatHall()  **  \n");
        1:   24:   makeGreatHall(&G1, 0, 0);
        -:   25:   int result, result1;
        -:   26:
        1:   27:   printf("test 1\n");
        1:   28:   result=G.handCount[0]+1;
        1:   29:   result1=G1.handCount[0];
        -:   30:
        1:   31:   if (result==result1){
    #####:   32:     printf("Pass the test\n");
        -:   33:   }
        -:   34:   else
        1:   35:    { printf("Fail the test\n");}
        -:   36:  
        -:   37:  //  printf("before handcount is %d\n",result);
        -:   38:    //  printf("After handcount is %d\n",result1);
        -:   39:
        1:   40:   printf("test 2\n");
        1:   41:   result=G.numActions+1;
        1:   42:   result1=G1.numActions;
        -:   43:
        1:   44:   if (result==result1){
        1:   45:     printf("Pass the test\n");
        -:   46:   }
        -:   47:   else
    #####:   48:    { printf("Fail the test\n");}
        -:   49:
        -:   50://    printf("before numActions is %d\n",result);
        -:   51:  //   printf("After numActions  is %d\n",result1);
        -:   52:
        1:   53:return 0;}
        -:   54:
